2025-10-07T19:25:05.9029408Z|INFO|Upload starting 
2025-10-07T19:25:05.9340086Z|INFO|Start loading file state from disk 
2025-10-07T19:25:05.9340086Z|INFO|Upload state file does not exist 
2025-10-07T19:25:05.9340086Z|INFO|Start initializing upload with Panopto 
2025-10-07T19:25:06.3988435Z|INFO|Service returned different File ID, restarting the upload 
2025-10-07T19:25:06.3988435Z|INFO|Service returned empty upload ID, restarting the upload 
2025-10-07T19:25:06.3988435Z|INFO|Initializing upload with Panopto complete 
2025-10-07T19:25:06.3988435Z|INFO|Upload file using chunk protocol 
2025-10-07T19:25:06.3988435Z|INFO|Start initializing upload with content store 
2025-10-07T19:25:06.7833703Z|INFO|Initializing upload with content store complete 
2025-10-07T19:25:06.7833703Z|INFO|Reconcile chunks with file on disk 
2025-10-07T19:25:06.8069152Z|INFO|Waiting for 328 seconds to process new chunks 
2025-10-07T19:30:34.8196694Z|INFO|Reconcile chunks with file on disk 
2025-10-07T19:30:34.8196694Z|INFO|Waiting for 328 seconds to process new chunks 
2025-10-07T19:36:02.8353315Z|INFO|Reconcile chunks with file on disk 
2025-10-07T19:36:02.8353315Z|INFO|Processing chunks needing meta data: 2 
2025-10-07T19:36:02.8353315Z|INFO|Start requesting upload metadata from Panopto for chunks: 2 
2025-10-07T19:36:02.9393738Z|INFO|Complete requesting upload metadata from Panopto for chunks: 2 
2025-10-07T19:36:02.9393738Z|INFO|Start uploading chunks 2 
2025-10-07T19:36:02.9393738Z|INFO|Start uploading chunk: 2 
2025-10-07T19:36:06.9093306Z|INFO|Uploading chunk complete for index: 2 
2025-10-07T19:36:06.9093306Z|INFO|Start serializing upload state to disk 
2025-10-07T19:36:06.9093306Z|INFO|Serializing upload state to disk complete 
2025-10-07T19:36:06.9093306Z|INFO|Uploading chunks 2 complete 
2025-10-07T19:36:06.9093306Z|INFO|Start updating upload progress with Panopto 
2025-10-07T19:36:07.0207264Z|INFO|updating upload progress with Panopto complete 
2025-10-07T19:36:07.0207264Z|INFO|Waiting for 328 seconds to process new chunks 
2025-10-07T19:36:28.1587644Z|INFO|Reconcile chunks with file on disk 
2025-10-07T19:36:28.1587644Z|WARN|Upload worker terminating due to cancellation 
2025-10-07T19:36:28.1587644Z|WARN|Worker completed with exception System.Threading.Tasks.TaskCanceledException: Une tâche a été annulée.
   à System.Runtime.CompilerServices.TaskAwaiter.ThrowForNonSuccess(Task task)
   à System.Runtime.CompilerServices.TaskAwaiter.HandleNonSuccessAndDebuggerNotification(Task task)
   à Panopto.Recorder.Upload.PanoptoFileUploader.<StopUpload>d__11.MoveNext()
2025-10-07T19:36:28.1587644Z|INFO|Upload stopped 
2025-10-07T19:36:28.1587644Z|INFO|Upload worker terminated 
2025-10-07T19:36:28.1587644Z|INFO|Upload worker cleanup complete 
2025-10-07T19:36:28.1897403Z|INFO|Upload starting 
2025-10-07T19:36:28.1897403Z|INFO|Start loading file state from disk 
2025-10-07T19:36:28.2633994Z|INFO|Loading file state from disk complete 
2025-10-07T19:36:28.2633994Z|INFO|Start initializing upload with Panopto 
2025-10-07T19:36:28.4346417Z|INFO|Initializing upload with Panopto complete 
2025-10-07T19:36:28.4346417Z|INFO|Upload file using chunk protocol 
2025-10-07T19:36:28.4346417Z|INFO|Reconcile chunks with file on disk 
2025-10-07T19:36:28.4346417Z|INFO|Processing chunks needing meta data: 1, 3 
2025-10-07T19:36:28.4346417Z|INFO|Start requesting upload metadata from Panopto for chunks: 1, 3 
2025-10-07T19:36:28.5630067Z|INFO|Complete requesting upload metadata from Panopto for chunks: 1, 3 
2025-10-07T19:36:28.5630067Z|INFO|Start uploading chunks 1, 3 
2025-10-07T19:36:28.5630067Z|INFO|Start uploading chunk: 1 
2025-10-07T19:36:28.5630067Z|INFO|Start uploading chunk: 3 
2025-10-07T19:36:41.2929912Z|INFO|Uploading chunk complete for index: 3 
2025-10-07T19:36:41.2929912Z|INFO|Start serializing upload state to disk 
2025-10-07T19:36:41.2929912Z|INFO|Serializing upload state to disk complete 
2025-10-07T19:36:44.2191233Z|INFO|Uploading chunk complete for index: 1 
2025-10-07T19:36:44.2191233Z|INFO|Start serializing upload state to disk 
2025-10-07T19:36:44.2191233Z|INFO|Serializing upload state to disk complete 
2025-10-07T19:36:44.2191233Z|INFO|Uploading chunks 1, 3 complete 
2025-10-07T19:36:44.2191233Z|INFO|Start updating upload progress with Panopto 
2025-10-07T19:36:44.3282433Z|INFO|updating upload progress with Panopto complete 
2025-10-07T19:36:44.3282433Z|INFO|Upload modified chunk for progressive uploads 
2025-10-07T19:36:44.3282433Z|INFO|Reconcile chunks with file on disk 
2025-10-07T19:36:44.3282433Z|INFO|Start finalizing upload with content store 
2025-10-07T19:36:44.4845587Z|INFO|Finalizing upload with content store complete 
2025-10-07T19:36:44.4845587Z|INFO|Start serializing upload state to disk 
2025-10-07T19:36:44.4845587Z|INFO|Serializing upload state to disk complete 
2025-10-07T19:36:44.4845587Z|INFO|Start finalizing upload with Panopto 
2025-10-07T19:36:44.5945235Z|INFO|Finalizing upload with Panopto complete 
2025-10-07T19:36:44.5945235Z|INFO|Start serializing upload state to disk 
2025-10-07T19:36:44.5945235Z|INFO|Serializing upload state to disk complete 
2025-10-07T19:36:44.5945235Z|INFO|Upload state removed from disk 
2025-10-07T19:36:44.6313108Z|INFO|Upload complete 
2025-10-07T19:36:44.6313108Z|INFO|Upload worker terminated 
2025-10-07T19:36:44.6313108Z|INFO|Upload worker cleanup complete 
