2025-10-07T19:25:05.9129417Z|INFO|Upload starting 
2025-10-07T19:25:05.9340086Z|INFO|Start loading file state from disk 
2025-10-07T19:25:05.9340086Z|INFO|Upload state file does not exist 
2025-10-07T19:25:05.9340086Z|INFO|Start initializing upload with Panopto 
2025-10-07T19:25:06.3988435Z|INFO|Service returned different File ID, restarting the upload 
2025-10-07T19:25:06.3988435Z|INFO|Service returned empty upload ID, restarting the upload 
2025-10-07T19:25:06.3988435Z|INFO|Initializing upload with Panopto complete 
2025-10-07T19:25:06.3988435Z|INFO|Upload file using chunk protocol 
2025-10-07T19:25:06.3988435Z|INFO|Start initializing upload with content store 
2025-10-07T19:25:06.7833703Z|INFO|Initializing upload with content store complete 
2025-10-07T19:25:06.7833703Z|INFO|Reconcile chunks with file on disk 
2025-10-07T19:25:06.8069152Z|INFO|Waiting for 101 seconds to process new chunks 
2025-10-07T19:26:47.8177311Z|INFO|Reconcile chunks with file on disk 
2025-10-07T19:26:47.8177311Z|INFO|Waiting for 101 seconds to process new chunks 
2025-10-07T19:28:28.8199103Z|INFO|Reconcile chunks with file on disk 
2025-10-07T19:28:28.8199103Z|INFO|Waiting for 101 seconds to process new chunks 
2025-10-07T19:30:09.8215446Z|INFO|Reconcile chunks with file on disk 
2025-10-07T19:30:09.8215446Z|INFO|Waiting for 101 seconds to process new chunks 
2025-10-07T19:31:50.8222010Z|INFO|Reconcile chunks with file on disk 
2025-10-07T19:31:50.8222010Z|INFO|Processing chunks needing meta data: 2 
2025-10-07T19:31:50.8222010Z|INFO|Start requesting upload metadata from Panopto for chunks: 2 
2025-10-07T19:31:51.2764634Z|INFO|Complete requesting upload metadata from Panopto for chunks: 2 
2025-10-07T19:31:51.2764634Z|INFO|Start uploading chunks 2 
2025-10-07T19:31:51.2764634Z|INFO|Start uploading chunk: 2 
2025-10-07T19:31:56.3810308Z|INFO|Uploading chunk complete for index: 2 
2025-10-07T19:31:56.3810308Z|INFO|Start serializing upload state to disk 
2025-10-07T19:31:56.3810308Z|INFO|Serializing upload state to disk complete 
2025-10-07T19:31:56.3810308Z|INFO|Uploading chunks 2 complete 
2025-10-07T19:31:56.3810308Z|INFO|Start updating upload progress with Panopto 
2025-10-07T19:31:56.4816614Z|INFO|updating upload progress with Panopto complete 
2025-10-07T19:31:56.4816614Z|INFO|Waiting for 101 seconds to process new chunks 
2025-10-07T19:33:37.4914799Z|INFO|Reconcile chunks with file on disk 
2025-10-07T19:33:37.4914799Z|INFO|Processing chunks needing meta data: 3 
2025-10-07T19:33:37.4914799Z|INFO|Start requesting upload metadata from Panopto for chunks: 3 
2025-10-07T19:33:37.8029613Z|INFO|Complete requesting upload metadata from Panopto for chunks: 3 
2025-10-07T19:33:37.8029613Z|INFO|Start uploading chunks 3 
2025-10-07T19:33:37.8029613Z|INFO|Start uploading chunk: 3 
2025-10-07T19:33:42.9218207Z|INFO|Uploading chunk complete for index: 3 
2025-10-07T19:33:42.9218207Z|INFO|Start serializing upload state to disk 
2025-10-07T19:33:42.9218207Z|INFO|Serializing upload state to disk complete 
2025-10-07T19:33:42.9218207Z|INFO|Uploading chunks 3 complete 
2025-10-07T19:33:42.9218207Z|INFO|Start updating upload progress with Panopto 
2025-10-07T19:33:43.0258083Z|INFO|updating upload progress with Panopto complete 
2025-10-07T19:33:43.0258083Z|INFO|Waiting for 101 seconds to process new chunks 
2025-10-07T19:35:24.0273412Z|INFO|Reconcile chunks with file on disk 
2025-10-07T19:35:24.0273412Z|INFO|Processing chunks needing meta data: 4 
2025-10-07T19:35:24.0273412Z|INFO|Start requesting upload metadata from Panopto for chunks: 4 
2025-10-07T19:35:24.4113926Z|INFO|Complete requesting upload metadata from Panopto for chunks: 4 
2025-10-07T19:35:24.4113926Z|INFO|Start uploading chunks 4 
2025-10-07T19:35:24.4113926Z|INFO|Start uploading chunk: 4 
2025-10-07T19:35:28.4715801Z|INFO|Uploading chunk complete for index: 4 
2025-10-07T19:35:28.4715801Z|INFO|Start serializing upload state to disk 
2025-10-07T19:35:28.4715801Z|INFO|Serializing upload state to disk complete 
2025-10-07T19:35:28.4715801Z|INFO|Uploading chunks 4 complete 
2025-10-07T19:35:28.4715801Z|INFO|Start updating upload progress with Panopto 
2025-10-07T19:35:28.5854840Z|INFO|updating upload progress with Panopto complete 
2025-10-07T19:35:28.5854840Z|INFO|Waiting for 101 seconds to process new chunks 
2025-10-07T19:36:28.1587644Z|INFO|Reconcile chunks with file on disk 
2025-10-07T19:36:28.1587644Z|WARN|Upload worker terminating due to cancellation 
2025-10-07T19:36:28.1587644Z|WARN|Worker completed with exception System.Threading.Tasks.TaskCanceledException: Une tâche a été annulée.
   à System.Runtime.CompilerServices.TaskAwaiter.ThrowForNonSuccess(Task task)
   à System.Runtime.CompilerServices.TaskAwaiter.HandleNonSuccessAndDebuggerNotification(Task task)
   à Panopto.Recorder.Upload.PanoptoFileUploader.<StopUpload>d__11.MoveNext()
2025-10-07T19:36:28.1587644Z|INFO|Upload stopped 
2025-10-07T19:36:28.1587644Z|INFO|Upload worker terminated 
2025-10-07T19:36:28.1587644Z|INFO|Upload worker cleanup complete 
2025-10-07T19:36:28.1897403Z|INFO|Upload starting 
2025-10-07T19:36:28.1897403Z|INFO|Start loading file state from disk 
2025-10-07T19:36:28.2633994Z|INFO|Loading file state from disk complete 
2025-10-07T19:36:28.2633994Z|INFO|Start initializing upload with Panopto 
2025-10-07T19:36:28.3933324Z|INFO|Initializing upload with Panopto complete 
2025-10-07T19:36:28.3933324Z|INFO|Upload file using chunk protocol 
2025-10-07T19:36:28.3933324Z|INFO|Reconcile chunks with file on disk 
2025-10-07T19:36:28.3933324Z|INFO|Processing chunks needing meta data: 1, 5 
2025-10-07T19:36:28.3933324Z|INFO|Start requesting upload metadata from Panopto for chunks: 1, 5 
2025-10-07T19:36:28.5172159Z|INFO|Complete requesting upload metadata from Panopto for chunks: 1, 5 
2025-10-07T19:36:28.5172159Z|INFO|Start uploading chunks 1, 5 
2025-10-07T19:36:28.5172159Z|INFO|Start uploading chunk: 1 
2025-10-07T19:36:28.5172159Z|INFO|Start uploading chunk: 5 
2025-10-07T19:36:34.4179097Z|INFO|Uploading chunk complete for index: 5 
2025-10-07T19:36:34.4179097Z|INFO|Start serializing upload state to disk 
2025-10-07T19:36:34.4179097Z|INFO|Serializing upload state to disk complete 
2025-10-07T19:36:41.7512786Z|INFO|Uploading chunk complete for index: 1 
2025-10-07T19:36:41.7512786Z|INFO|Start serializing upload state to disk 
2025-10-07T19:36:41.7512786Z|INFO|Serializing upload state to disk complete 
2025-10-07T19:36:41.7512786Z|INFO|Uploading chunks 1, 5 complete 
2025-10-07T19:36:41.7512786Z|INFO|Start updating upload progress with Panopto 
2025-10-07T19:36:41.9296665Z|INFO|updating upload progress with Panopto complete 
2025-10-07T19:36:41.9296665Z|INFO|Upload modified chunk for progressive uploads 
2025-10-07T19:36:41.9296665Z|INFO|Reconcile chunks with file on disk 
2025-10-07T19:36:41.9296665Z|INFO|Start finalizing upload with content store 
2025-10-07T19:36:42.1135339Z|INFO|Finalizing upload with content store complete 
2025-10-07T19:36:42.1135339Z|INFO|Start serializing upload state to disk 
2025-10-07T19:36:42.1135339Z|INFO|Serializing upload state to disk complete 
2025-10-07T19:36:42.1135339Z|INFO|Start finalizing upload with Panopto 
2025-10-07T19:36:42.2178572Z|INFO|Finalizing upload with Panopto complete 
2025-10-07T19:36:42.2178572Z|INFO|Start serializing upload state to disk 
2025-10-07T19:36:42.2178572Z|INFO|Serializing upload state to disk complete 
